
**** Build of configuration Debug for project adc_ranger_ble_app_cc2650_launchxl ****

"C:\\ti\\ccsv8\\utils\\bin\\gmake" -j -k -j 8 all -O 
 
Building file: "../Application/scTask.c"
Invoking: ARM Compiler
"C:/ti/ccsv8/tools/compiler/ti-cgt-arm_18.1.3.LTS/bin/armcl" --cmd_file="c:/ti/simplelink/ble_sdk_2_02_01_18/src/config/build_components.opt" --cmd_file="C:/Users/bhara/workspace_v8/project_zero_stack_cc2650/TOOLS/build_config.opt" --cmd_file="C:/Users/bhara/workspace_v8/project_zero_stack_cc2650/TOOLS/ccs_compiler_defines.bcfg"  -mv7M3 --code_state=16 -me -O4 --opt_for_speed=0 --include_path="C:/Users/bhara/workspace_v8/adc_ranger_ble_app_cc2650_launchxl" --include_path="C:/Users/bhara/workspace_v8/adc_ranger_ble_app_cc2650_launchxl/Profiles" --include_path="C:/Users/bhara/workspace_v8/adc_ranger_ble_app_cc2650_launchxl/Application" --include_path="C:/Users/bhara/workspace_v8/adc_ranger_ble_app_cc2650_launchxl/ICallBLE" --include_path="C:/Users/bhara/workspace_v8/adc_ranger_ble_app_cc2650_launchxl/Startup" --include_path="C:/Users/bhara/workspace_v8/adc_ranger_ble_app_cc2650_launchxl/Board" --include_path="C:/Users/bhara/workspace_v8/adc_ranger_ble_app_cc2650_launchxl/Scif" --include_path="C:/Users/bhara/workspace_v8/adc_ranger_ble_app_cc2650_launchxl/Utils" --include_path="c:/ti/simplelink_academy_01_11_00_0000/modules/projects/support_files/Components/uart_log" --include_path="c:/ti/simplelink/ble_sdk_2_02_01_18/src/examples/simple_peripheral/cc26xx/app" --include_path="c:/ti/simplelink/ble_sdk_2_02_01_18/src/inc" --include_path="c:/ti/simplelink/ble_sdk_2_02_01_18/src/icall/inc" --include_path="c:/ti/simplelink/ble_sdk_2_02_01_18/src/profiles/roles/cc26xx" --include_path="c:/ti/simplelink/ble_sdk_2_02_01_18/src/profiles/roles" --include_path="c:/ti/simplelink/ble_sdk_2_02_01_18/src/profiles/dev_info" --include_path="c:/ti/simplelink/ble_sdk_2_02_01_18/src/profiles/simple_profile/cc26xx" --include_path="c:/ti/simplelink/ble_sdk_2_02_01_18/src/profiles/simple_profile" --include_path="c:/ti/simplelink/ble_sdk_2_02_01_18/src/common/cc26xx" --include_path="c:/ti/simplelink/ble_sdk_2_02_01_18/src/components/heapmgr" --include_path="c:/ti/simplelink/ble_sdk_2_02_01_18/src/controller/cc26xx/inc" --include_path="c:/ti/simplelink/ble_sdk_2_02_01_18/src/components/hal/src/target/_common" --include_path="c:/ti/simplelink/ble_sdk_2_02_01_18/src/components/hal/src/target" --include_path="c:/ti/simplelink/ble_sdk_2_02_01_18/src/components/hal/src/target/_common/cc26xx" --include_path="c:/ti/simplelink/ble_sdk_2_02_01_18/src/components/hal/src/inc" --include_path="c:/ti/simplelink/ble_sdk_2_02_01_18/src/components/osal/src/inc" --include_path="c:/ti/simplelink/ble_sdk_2_02_01_18/src/components/services/src/sdata" --include_path="c:/ti/simplelink/ble_sdk_2_02_01_18/src/components/services/src/saddr" --include_path="c:/ti/simplelink/ble_sdk_2_02_01_18/src/components/icall/src/inc" --include_path="c:/ti/tirtos_cc13xx_cc26xx_2_20_01_08/products/cc26xxware_2_24_02_17393" --include_path="C:/ti/ccsv8/tools/compiler/ti-cgt-arm_18.1.3.LTS/include" --define=USE_ICALL --define=POWER_SAVING --define=SBP_TASK_STACK_SIZE=700 --define=GAPROLE_TASK_STACK_SIZE=520 --define=HEAPMGR_SIZE=0 --define=Display_DISABLE_ALL --define=BOARD_DISPLAY_EXCLUDE_UART --define=xBOARD_DISPLAY_EXCLUDE_LCD --define=ICALL_MAX_NUM_TASKS=3 --define=ICALL_MAX_NUM_ENTITIES=6 --define=xdc_runtime_Assert_DISABLE_ALL --define=Xxdc_runtime_Log_DISABLE_ALL --define=MAX_NUM_BLE_CONNS=1 --define=CC26XX --define=xdc_FILE="\"scTask.c\"" --define=UARTLOG_NUM_EVT_BUF=32 -g --c99 --gcc --diag_warning=225 --diag_warning=255 --diag_wrap=off --display_error_number --gen_func_subsections=on --abi=eabi --preproc_with_compile --preproc_dependency="Application/scTask.d_raw" --obj_directory="Application" --cmd_file="configPkg/compiler.opt" "../Application/scTask.c"
 
>> Compilation failure
Application/subdir_rules.mk:16: recipe for target 'Application/scTask.obj' failed
"../Application/scTask.c", line 160: error #20: identifier "scifTaskData" is undefined
"../Application/scTask.c", line 184: error #20: identifier "AS_VALUE_ID" is undefined
"../Application/scTask.c", line 208: error #20: identifier "scifTaskData" is undefined
"../Application/scTask.c", line 219: error #20: identifier "RANGER_SERVICE_SERV_UUID" is undefined
"../Application/scTask.c", line 219: error #20: identifier "RS_DISTANCE_ID" is undefined
"../Application/scTask.c", line 255: warning #225-D: function "scifOsalInit" declared implicitly
"../Application/scTask.c", line 256: warning #225-D: function "scifOsalRegisterCtrlReadyCallback" declared implicitly
"../Application/scTask.c", line 257: warning #225-D: function "scifOsalRegisterTaskAlertCallback" declared implicitly
"../Application/scTask.c", line 258: warning #225-D: function "scifInit" declared implicitly
"../Application/scTask.c", line 258: error #20: identifier "scifDriverSetup" is undefined
"../Application/scTask.c", line 261: warning #225-D: function "scifStartRtcTicksNow" declared implicitly
"../Application/scTask.c", line 266: warning #225-D: function "scifStartTasksNbl" declared implicitly
"../Application/scTask.c", line 266: error #20: identifier "SCIF_ADC_TASK_ID" is undefined
"../Application/scTask.c", line 308: warning #225-D: function "scifClearAlertIntSource" declared implicitly
"../Application/scTask.c", line 312: warning #225-D: function "scifGetAlertEvents" declared implicitly
"../Application/scTask.c", line 315: error #20: identifier "SCIF_ADC_TASK_ID" is undefined
"../Application/scTask.c", line 318: error #20: identifier "SCIF_RANGER_TASK_ID" is undefined
"../Application/scTask.c", line 323: warning #225-D: function "scifAckAlertEvents" declared implicitly
"../Application/scTask.c", line 342: warning #225-D: function "scifGetActiveTaskIds" declared implicitly
"../Application/scTask.c", line 343: error #20: identifier "SCIF_RANGER_TASK_ID" is undefined
"../Application/scTask.c", line 347: warning #225-D: function "scifResetTaskStructs" declared implicitly
"../Application/scTask.c", line 347: error #20: identifier "SCIF_RANGER_TASK_ID" is undefined
"../Application/scTask.c", line 348: warning #225-D: function "scifExecuteTasksOnceNbl" declared implicitly
11 errors detected in the compilation of "../Application/scTask.c".
gmake: *** [Application/scTask.obj] Error 1
Building file: "../Application/project_zero.c"
Invoking: ARM Compiler
"C:/ti/ccsv8/tools/compiler/ti-cgt-arm_18.1.3.LTS/bin/armcl" --cmd_file="c:/ti/simplelink/ble_sdk_2_02_01_18/src/config/build_components.opt" --cmd_file="C:/Users/bhara/workspace_v8/project_zero_stack_cc2650/TOOLS/build_config.opt" --cmd_file="C:/Users/bhara/workspace_v8/project_zero_stack_cc2650/TOOLS/ccs_compiler_defines.bcfg"  -mv7M3 --code_state=16 -me -O4 --opt_for_speed=0 --include_path="C:/Users/bhara/workspace_v8/adc_ranger_ble_app_cc2650_launchxl" --include_path="C:/Users/bhara/workspace_v8/adc_ranger_ble_app_cc2650_launchxl/Profiles" --include_path="C:/Users/bhara/workspace_v8/adc_ranger_ble_app_cc2650_launchxl/Application" --include_path="C:/Users/bhara/workspace_v8/adc_ranger_ble_app_cc2650_launchxl/ICallBLE" --include_path="C:/Users/bhara/workspace_v8/adc_ranger_ble_app_cc2650_launchxl/Startup" --include_path="C:/Users/bhara/workspace_v8/adc_ranger_ble_app_cc2650_launchxl/Board" --include_path="C:/Users/bhara/workspace_v8/adc_ranger_ble_app_cc2650_launchxl/Scif" --include_path="C:/Users/bhara/workspace_v8/adc_ranger_ble_app_cc2650_launchxl/Utils" --include_path="c:/ti/simplelink_academy_01_11_00_0000/modules/projects/support_files/Components/uart_log" --include_path="c:/ti/simplelink/ble_sdk_2_02_01_18/src/examples/simple_peripheral/cc26xx/app" --include_path="c:/ti/simplelink/ble_sdk_2_02_01_18/src/inc" --include_path="c:/ti/simplelink/ble_sdk_2_02_01_18/src/icall/inc" --include_path="c:/ti/simplelink/ble_sdk_2_02_01_18/src/profiles/roles/cc26xx" --include_path="c:/ti/simplelink/ble_sdk_2_02_01_18/src/profiles/roles" --include_path="c:/ti/simplelink/ble_sdk_2_02_01_18/src/profiles/dev_info" --include_path="c:/ti/simplelink/ble_sdk_2_02_01_18/src/profiles/simple_profile/cc26xx" --include_path="c:/ti/simplelink/ble_sdk_2_02_01_18/src/profiles/simple_profile" --include_path="c:/ti/simplelink/ble_sdk_2_02_01_18/src/common/cc26xx" --include_path="c:/ti/simplelink/ble_sdk_2_02_01_18/src/components/heapmgr" --include_path="c:/ti/simplelink/ble_sdk_2_02_01_18/src/controller/cc26xx/inc" --include_path="c:/ti/simplelink/ble_sdk_2_02_01_18/src/components/hal/src/target/_common" --include_path="c:/ti/simplelink/ble_sdk_2_02_01_18/src/components/hal/src/target" --include_path="c:/ti/simplelink/ble_sdk_2_02_01_18/src/components/hal/src/target/_common/cc26xx" --include_path="c:/ti/simplelink/ble_sdk_2_02_01_18/src/components/hal/src/inc" --include_path="c:/ti/simplelink/ble_sdk_2_02_01_18/src/components/osal/src/inc" --include_path="c:/ti/simplelink/ble_sdk_2_02_01_18/src/components/services/src/sdata" --include_path="c:/ti/simplelink/ble_sdk_2_02_01_18/src/components/services/src/saddr" --include_path="c:/ti/simplelink/ble_sdk_2_02_01_18/src/components/icall/src/inc" --include_path="c:/ti/tirtos_cc13xx_cc26xx_2_20_01_08/products/cc26xxware_2_24_02_17393" --include_path="C:/ti/ccsv8/tools/compiler/ti-cgt-arm_18.1.3.LTS/include" --define=USE_ICALL --define=POWER_SAVING --define=SBP_TASK_STACK_SIZE=700 --define=GAPROLE_TASK_STACK_SIZE=520 --define=HEAPMGR_SIZE=0 --define=Display_DISABLE_ALL --define=BOARD_DISPLAY_EXCLUDE_UART --define=xBOARD_DISPLAY_EXCLUDE_LCD --define=ICALL_MAX_NUM_TASKS=3 --define=ICALL_MAX_NUM_ENTITIES=6 --define=xdc_runtime_Assert_DISABLE_ALL --define=Xxdc_runtime_Log_DISABLE_ALL --define=MAX_NUM_BLE_CONNS=1 --define=CC26XX --define=xdc_FILE="\"project_zero.c\"" --define=UARTLOG_NUM_EVT_BUF=32 -g --c99 --gcc --diag_warning=225 --diag_warning=255 --diag_wrap=off --display_error_number --gen_func_subsections=on --abi=eabi --preproc_with_compile --preproc_dependency="Application/project_zero.d_raw" --obj_directory="Application" --cmd_file="configPkg/compiler.opt" "../Application/project_zero.c"
 
>> Compilation failure
Application/subdir_rules.mk:9: recipe for target 'Application/project_zero.obj' failed
"../Application/project_zero.c", line 242: error #20: identifier "AdcServiceCBs_t" is undefined
"../Application/project_zero.c", line 250: error #20: identifier "RangerServiceCBs_t" is undefined
"../Application/project_zero.c", line 392: warning #225-D: function "AdcService_AddService" declared implicitly
"../Application/project_zero.c", line 393: warning #225-D: function "RangerService_AddService" declared implicitly
"../Application/project_zero.c", line 397: warning #225-D: function "AdcService_RegisterAppCBs" declared implicitly
"../Application/project_zero.c", line 398: warning #225-D: function "RangerService_RegisterAppCBs" declared implicitly
"../Application/project_zero.c", line 404: warning #225-D: function "AdcService_SetParameter" declared implicitly
"../Application/project_zero.c", line 404: error #20: identifier "AS_VALUE_ID" is undefined
"../Application/project_zero.c", line 404: error #20: identifier "AS_VALUE_LEN" is undefined
"../Application/project_zero.c", line 407: warning #225-D: function "RangerService_SetParameter" declared implicitly
"../Application/project_zero.c", line 407: error #20: identifier "RS_DISTANCE_ID" is undefined
"../Application/project_zero.c", line 407: error #20: identifier "RS_DISTANCE_LEN" is undefined
"../Application/project_zero.c", line 548: error #20: identifier "RANGER_SERVICE_SERV_UUID" is undefined
"../Application/project_zero.c", line 708: error #20: identifier "AS_VALUE_ID" is undefined
"../Application/project_zero.c", line 753: error #20: identifier "RS_DISTANCE_ID" is undefined
"../Application/project_zero.c", line 1184: error #20: identifier "AdcService_SetParameter" is undefined
"../Application/project_zero.c", line 1185: error #20: identifier "RANGER_SERVICE_SERV_UUID" is undefined
"../Application/project_zero.c", line 1185: error #20: identifier "RangerService_SetParameter" is undefined
"../Application/project_zero.c", line 1045: warning #179-D: function "user_service_ValueChangeCB" was declared but never referenced
12 errors detected in the compilation of "../Application/project_zero.c".
gmake: *** [Application/project_zero.obj] Error 1
gmake: Target 'all' not remade because of errors.

**** Build Finished ****
